

*******************************************************************************
Fri Mar  3 18:48:25 2023


FIT:    data read from "../data/Benchmark.data"
        format = z
        #datapoints = 100
        residuals are weighted equally (unit weight)

function used for fitting: f(x)
	f(x) = A*x**3
fitted parameters initialized with current variable values

iter      chisq       delta/lim  lambda   A            
   0 1.3066516494e+19   0.00e+00  3.71e+08    1.000000e+00
   3 3.5434068295e+13  -3.61e-02  3.71e+05    2.661210e-02

After 3 iterations the fit converged.
final sum of squares of residuals : 3.54341e+13
rel. change during last iteration : -3.61417e-07

degrees of freedom    (FIT_NDF)                        : 99
rms of residuals      (FIT_STDFIT) = sqrt(WSSR/ndf)    : 598264
variance of residuals (reduced chisquare) = WSSR/ndf   : 3.5792e+11

Final set of parameters            Asymptotic Standard Error
=======================            ==========================
A               = 0.0266121        +/- 0.0001611    (0.6054%)
