

*******************************************************************************
Tue Jun 27 20:10:34 2023


FIT:    data read from dataplain using 1:3
        format = x:z
        #datapoints = 15
        residuals are weighted equally (unit weight)

function used for fitting: fit_functionplain(x,A)
	fit_functionplain(x,A) = A/sqrt(x)
fitted parameters initialized with current variable values

iter      chisq       delta/lim  lambda   A            
   0 1.1367931395e-03   0.00e+00  3.45e-02    1.000000e+00
   3 2.5062955477e-04  -6.13e-04  3.45e-05    1.222940e+00

After 3 iterations the fit converged.
final sum of squares of residuals : 0.00025063
rel. change during last iteration : -6.13028e-09

degrees of freedom    (FIT_NDF)                        : 14
rms of residuals      (FIT_STDFIT) = sqrt(WSSR/ndf)    : 0.00423109
variance of residuals (reduced chisquare) = WSSR/ndf   : 1.79021e-05

Final set of parameters            Asymptotic Standard Error
=======================            ==========================
A               = 1.22294          +/- 0.03169      (2.591%)


*******************************************************************************
Tue Jun 27 20:10:34 2023


FIT:    data read from dataquasi using 1:3
        format = x:z
        #datapoints = 15
        residuals are weighted equally (unit weight)

function used for fitting: fit_functionquasi(x,B)
	fit_functionquasi(x,B) = B/sqrt(x)
fitted parameters initialized with current variable values

iter      chisq       delta/lim  lambda   B            
   0 8.1081279322e-04   0.00e+00  3.45e-02    1.000000e+00
   3 4.0745427539e-06  -3.43e-02  3.45e-05    7.872854e-01

After 3 iterations the fit converged.
final sum of squares of residuals : 4.07454e-06
rel. change during last iteration : -3.43283e-07

degrees of freedom    (FIT_NDF)                        : 14
rms of residuals      (FIT_STDFIT) = sqrt(WSSR/ndf)    : 0.00053948
variance of residuals (reduced chisquare) = WSSR/ndf   : 2.91039e-07

Final set of parameters            Asymptotic Standard Error
=======================            ==========================
B               = 0.787285         +/- 0.00404      (0.5132%)


*******************************************************************************
Tue Jun 27 20:10:34 2023


FIT:    data read from datastrat using 1:3
        format = x:z
        #datapoints = 15
        residuals are weighted equally (unit weight)

function used for fitting: fit_functionstrat(x,C)
	fit_functionstrat(x,C) = C/sqrt(x)
fitted parameters initialized with current variable values

iter      chisq       delta/lim  lambda   C            
   0 5.9074202711e-04   0.00e+00  3.45e-02    1.000000e+00
   3 4.6615812740e-05  -2.02e-03  3.45e-05    1.174695e+00

After 3 iterations the fit converged.
final sum of squares of residuals : 4.66158e-05
rel. change during last iteration : -2.02379e-08

degrees of freedom    (FIT_NDF)                        : 14
rms of residuals      (FIT_STDFIT) = sqrt(WSSR/ndf)    : 0.00182475
variance of residuals (reduced chisquare) = WSSR/ndf   : 3.3297e-06

Final set of parameters            Asymptotic Standard Error
=======================            ==========================
C               = 1.1747           +/- 0.01367      (1.163%)
